#
# A fatal error has been detected by the Java Runtime Environment:
#
#  EXCEPTION_ACCESS_VIOLATION (0xc0000005) at pc=0x00000000424e1150, pid=7752, tid=7276
#
# JRE version: Java(TM) SE Runtime Environment (8.0_05-b13) (build 1.8.0_05-b13)
# Java VM: Java HotSpot(TM) 64-Bit Server VM (25.5-b02 mixed mode windows-amd64 compressed oops)
# Problematic frame:
# C  0x00000000424e1150
#
# Failed to write core dump. Minidumps are not enabled by default on client versions of Windows
#
# If you would like to submit a bug report, please visit:
#   http://bugreport.sun.com/bugreport/crash.jsp
# The crash happened outside the Java Virtual Machine in native code.
# See problematic frame for where to report the bug.
#

---------------  T H R E A D  ---------------

Current thread (0x00000000187be000):  JavaThread "Thread-13" daemon [_thread_in_native, id=7276, stack(0x000000001de60000,0x000000001e060000)]

siginfo: ExceptionCode=0xc0000005, ExceptionInformation=0x0000000000000008 0x00000000424e1150

Registers:
RAX=0x00000000424e1150, RBX=0x00000000424e1150, RCX=0x00000000424e1150, RDX=0x0000000023b5c7d8
RSP=0x000000001e05f018, RBP=0x000000001e05f0b0, RSI=0x0000000000000001, RDI=0x0000000023b5c7d8
R8 =0x0000000000000001, R9 =0x0000000023b5c7d8, R10=0x0004000700060006, R11=0x00007ff982037630
R12=0x0000000000000000, R13=0x0000000000017fe6, R14=0x00000000424e1150, R15=0x00000000187be000
RIP=0x00000000424e1150, EFLAGS=0x0000000000010246

Top of Stack: (sp=0x000000001e05f018)
0x000000001e05f018:   00007ff98da2363e 00000000220f3140
0x000000001e05f028:   0000000000000000 0000000000000000
0x000000001e05f038:   0000000000017ff4 00000000424e1150
0x000000001e05f048:   0000000100000000 000000001e05f1a8
0x000000001e05f058:   0000000000ffd620 0000000000000000
0x000000001e05f068:   00007ff981ff64a4 0000000000000000
0x000000001e05f078:   0000000000000000 00000000424e1150
0x000000001e05f088:   0000000000000000 00000000424e1150
0x000000001e05f098:   0000000100000000 0000000000000000
0x000000001e05f0a8:   000000001e05ed40 000000001e05f1c0
0x000000001e05f0b8:   00007ff9820d9e34 0000000040a2eb80
0x000000001e05f0c8:   0000000000000000 0000000040a2eb80
0x000000001e05f0d8:   0000000040a2eb80 0000000000ffd620
0x000000001e05f0e8:   00000000424e1150 0000000000000000
0x000000001e05f0f8:   00007ff984c17a9a 0000000000000008
0x000000001e05f108:   0000000000000065 0000000000000001 

Instructions: (pc=0x00000000424e1150)
0x00000000424e1130:   00 00 00 00 00 00 00 00 10 fe 4d 42 00 00 00 00
0x00000000424e1140:   c0 fe 4d 42 00 00 00 00 53 6c 98 0c 00 74 03 88
0x00000000424e1150:   50 11 4e 42 00 00 00 00 00 00 00 00 01 00 00 00
0x00000000424e1160:   00 00 00 00 00 00 00 00 00 00 00 00 00 00 00 00 


Register to memory mapping:

RAX=0x00000000424e1150 is an unknown value
RBX=0x00000000424e1150 is an unknown value
RCX=0x00000000424e1150 is an unknown value
RDX=0x0000000023b5c7d8 is an unknown value
RSP=0x000000001e05f018 is pointing into the stack for thread: 0x00000000187be000
RBP=0x000000001e05f0b0 is pointing into the stack for thread: 0x00000000187be000
RSI=0x0000000000000001 is an unknown value
RDI=0x0000000023b5c7d8 is an unknown value
R8 =0x0000000000000001 is an unknown value
R9 =0x0000000023b5c7d8 is an unknown value
R10=0x0004000700060006 is an unknown value
R11=0x00007ff982037630 is an unknown value
R12=0x0000000000000000 is an unknown value
R13=0x0000000000017fe6 is an unknown value
R14=0x00000000424e1150 is an unknown value
R15=0x00000000187be000 is a thread


Stack: [0x000000001de60000,0x000000001e060000],  sp=0x000000001e05f018,  free space=2044k
Native frames: (J=compiled Java code, j=interpreted, Vv=VM code, C=native code)
C  0x00000000424e1150

Java frames: (J=compiled Java code, j=interpreted, Vv=VM code)
J 6474  jagdx.IDirect3DIndexBuffer.Upload(JIIIJ)I (0 bytes) @ 0x000000000496bdd6 [0x000000000496bd80+0x56]
J 15918 C2 ke.<init>(Ladt;)V (429 bytes) @ 0x0000000004636334 [0x0000000004634ba0+0x1794]
j  adt.rb()V+75
j  ank.rb()V+65
j  ank.agc(II)Z+202
J 3872 C1 ank.n(II)V (106 bytes) @ 0x0000000003bb5fa4 [0x0000000003bb5d60+0x244]
J 3171 C1 dq.h(I)V (31 bytes) @ 0x0000000003b206cc [0x0000000003b205c0+0x10c]
j  client.at(B)V+1082
J 4316 C2 rc.q(B)V (290 bytes) @ 0x0000000003dc09c4 [0x0000000003dc07a0+0x224]
J 11350% C2 rc.b(B)V (430 bytes) @ 0x00000000056c8390 [0x00000000056c82a0+0xf0]
j  rc.run()V+2
j  java.lang.Thread.run()V+11
v  ~StubRoutines::call_stub

---------------  P R O C E S S  ---------------

Java Threads: ( => current thread )
  0x00000000219d0000 JavaThread "Thread-162" [_thread_in_Java, id=6444, stack(0x000000002d770000,0x000000002d970000)]
  0x00000000219cf000 JavaThread "Thread-160" daemon [_thread_blocked, id=1340, stack(0x000000002ff30000,0x0000000030130000)]
  0x00000000219ce800 JavaThread "Thread-159" daemon [_thread_in_native, id=7036, stack(0x0000000022760000,0x0000000022960000)]
  0x00000000219ca800 JavaThread "GroundItemMonitor" [_thread_blocked, id=3812, stack(0x0000000042e00000,0x0000000043000000)]
  0x00000000219cb800 JavaThread "InventoryMonitor" [_thread_in_Java, id=7364, stack(0x0000000035720000,0x0000000035920000)]
  0x00000000219cd000 JavaThread "ScreenshotTask" [_thread_blocked, id=7868, stack(0x00000000457a0000,0x00000000459a0000)]
  0x00000000219cd800 JavaThread "Thread-156" [_thread_blocked, id=6472, stack(0x0000000037c00000,0x0000000037e00000)]
  0x0000000021754800 JavaThread "Swing-Shell" daemon [_thread_blocked, id=7172, stack(0x0000000043600000,0x0000000043800000)]
  0x000000001779f000 JavaThread "TimerQueue" daemon [_thread_blocked, id=96, stack(0x00000000340d0000,0x00000000342d0000)]
  0x0000000017796000 JavaThread "pool-1-thread-2" [_thread_blocked, id=10136, stack(0x000000001f230000,0x000000001f430000)]
  0x0000000017795000 JavaThread "Thread-22" daemon [_thread_in_native, id=9124, stack(0x0000000020620000,0x0000000020820000)]
  0x0000000017794800 JavaThread "Thread-21" daemon [_thread_blocked, id=3180, stack(0x0000000020040000,0x0000000020240000)]
  0x0000000017797800 JavaThread "Thread-20" daemon [_thread_blocked, id=7268, stack(0x000000001fe40000,0x0000000020040000)]
  0x0000000017796800 JavaThread "Java Sound Event Dispatcher" daemon [_thread_blocked, id=6724, stack(0x000000001fa40000,0x000000001fc40000)]
  0x00000000187c2800 JavaThread "pool-1-thread-1" [_thread_blocked, id=9996, stack(0x000000001ec60000,0x000000001ee60000)]
  0x00000000187bd000 JavaThread "Thread-16" daemon [_thread_blocked, id=6508, stack(0x000000001e660000,0x000000001e860000)]
  0x00000000187bf800 JavaThread "Thread-15" daemon [_thread_blocked, id=9340, stack(0x000000001e460000,0x000000001e660000)]
  0x00000000187bb800 JavaThread "Thread-14" daemon [_thread_blocked, id=4416, stack(0x000000001e260000,0x000000001e460000)]
  0x00000000187be800 JavaThread "org.powerbot.bot.rt6.com3" [_thread_blocked, id=5580, stack(0x000000001e060000,0x000000001e260000)]
=>0x00000000187be000 JavaThread "Thread-13" daemon [_thread_in_native, id=7276, stack(0x000000001de60000,0x000000001e060000)]
  0x000000001bfe4800 JavaThread "Thread-12" daemon [_thread_blocked, id=9376, stack(0x000000001c5d0000,0x000000001c7d0000)]
  0x0000000017f8a800 JavaThread "Thread-11" daemon [_thread_blocked, id=7720, stack(0x000000001a3c0000,0x000000001a5c0000)]
  0x000000001ba1e800 JavaThread "Thread-10" daemon [_thread_in_native, id=5892, stack(0x000000001a1c0000,0x000000001a3c0000)]
  0x0000000017ede800 JavaThread "Timer-0" daemon [_thread_blocked, id=6368, stack(0x000000001a8c0000,0x000000001aac0000)]
  0x0000000017ee7000 JavaThread "Thread-5" [_thread_blocked, id=9648, stack(0x0000000019cb0000,0x0000000019eb0000)]
  0x0000000002ac0800 JavaThread "DestroyJavaVM" [_thread_blocked, id=6772, stack(0x0000000002c50000,0x0000000002e50000)]
  0x00000000175e6800 JavaThread "AWT-EventQueue-0" [_thread_in_native, id=3168, stack(0x00000000198b0000,0x0000000019ab0000)]
  0x00000000175e2800 JavaThread "AWT-Windows" daemon [_thread_in_native, id=6600, stack(0x0000000019510000,0x0000000019710000)]
  0x00000000168f4800 JavaThread "AWT-Shutdown" [_thread_blocked, id=7384, stack(0x0000000019310000,0x0000000019510000)]
  0x00000000168f3800 JavaThread "Java2D Disposer" daemon [_thread_blocked, id=6232, stack(0x0000000019110000,0x0000000019310000)]
  0x00000000160bd800 JavaThread "Service Thread" daemon [_thread_blocked, id=5688, stack(0x00000000172c0000,0x00000000174c0000)]
  0x000000001608f000 JavaThread "C1 CompilerThread2" daemon [_thread_blocked, id=9204, stack(0x00000000171c0000,0x00000000172c0000)]
  0x000000001608d800 JavaThread "C2 CompilerThread1" daemon [_thread_blocked, id=5024, stack(0x00000000170c0000,0x00000000171c0000)]
  0x000000001608b000 JavaThread "C2 CompilerThread0" daemon [_thread_blocked, id=10060, stack(0x0000000016fc0000,0x00000000170c0000)]
  0x0000000016087800 JavaThread "Attach Listener" daemon [_thread_blocked, id=10152, stack(0x0000000016dc0000,0x0000000016fc0000)]
  0x0000000016602800 JavaThread "Signal Dispatcher" daemon [_thread_blocked, id=5656, stack(0x0000000016bc0000,0x0000000016dc0000)]
  0x000000001606d000 JavaThread "Surrogate Locker Thread (Concurrent GC)" daemon [_thread_blocked, id=9732, stack(0x00000000169c0000,0x0000000016bc0000)]
  0x0000000016033800 JavaThread "Finalizer" daemon [_thread_blocked, id=4500, stack(0x00000000163c0000,0x00000000165c0000)]
  0x000000001602c800 JavaThread "Reference Handler" daemon [_thread_blocked, id=7028, stack(0x00000000161c0000,0x00000000163c0000)]

Other Threads:
  0x0000000016026000 VMThread [stack: 0x00000000160c0000,0x00000000161c0000] [id=7904]
  0x0000000016661800 WatcherThread [stack: 0x00000000174c0000,0x00000000175c0000] [id=7284]

VM state:not at safepoint (normal execution)

VM Mutex/Monitor currently owned by a thread: None

Heap:
 par new generation   total 157248K, used 103288K [0x00000000e0000000, 0x00000000eaaa0000, 0x00000000eaaa0000)
  eden space 139776K,  70% used [0x00000000e0000000, 0x00000000e5fdaf18, 0x00000000e8880000)
  from space 17472K,  29% used [0x00000000e8880000, 0x00000000e8d83480, 0x00000000e9990000)
  to   space 17472K,   0% used [0x00000000e9990000, 0x00000000e9990000, 0x00000000eaaa0000)
 concurrent mark-sweep generation total 349568K, used 260247K [0x00000000eaaa0000, 0x0000000100000000, 0x0000000100000000)
 Metaspace       used 49532K, capacity 50325K, committed 50816K, reserved 1093632K
  class space    used 6941K, capacity 7189K, committed 7296K, reserved 1048576K

Card table byte_map: [0x0000000012610000,0x0000000012720000] byte_map_base: 0x0000000011f10000

Marking Bits: (CMSBitMap*) 0x0000000002b18b50
 Bits: [0x0000000012c10000, 0x0000000013165800)

Mod Union Table: (CMSBitMap*) 0x0000000002b18c10
 Bits: [0x0000000002bc0000, 0x0000000002bd5560)

Polling page: 0x0000000002a90000

CodeCache: size=245760Kb used=48417Kb max_used=52486Kb free=197342Kb
 bounds [0x0000000002e50000, 0x00000000061e0000, 0x0000000011e50000]
 total_blobs=11564 nmethods=10639 adapters=833
 compilation: enabled

Compilation events (10 events):
Event: 11562.101 Thread 0x000000001608f000 nmethod 15916 0x000000000313c7d0 code [0x000000000313c940, 0x000000000313cb48]
Event: 11562.158 Thread 0x000000001608f000 15917       3       aqk::<init> (37 bytes)
Event: 11562.158 Thread 0x000000001608f000 nmethod 15917 0x00000000052bb510 code [0x00000000052bb680, 0x00000000052bb8a8]
Event: 11562.320 Thread 0x000000001608d800 nmethod 15918 0x0000000004634810 code [0x0000000004634ba0, 0x0000000004637b08]
Event: 11565.350 Thread 0x000000001608f000 15919       3       kf::i (22 bytes)
Event: 11565.351 Thread 0x000000001608f000 nmethod 15919 0x00000000034bd910 code [0x00000000034bda80, 0x00000000034bdce8]
Event: 11565.522 Thread 0x000000001608f000 15920       3       ank::ahu (9 bytes)
Event: 11565.522 Thread 0x000000001608f000 nmethod 15920 0x0000000003006190 code [0x0000000003006300, 0x0000000003006588]
Event: 11565.565 Thread 0x000000001608f000 15921       3       adt::rr (12 bytes)
Event: 11565.565 Thread 0x000000001608f000 nmethod 15921 0x000000000511fdd0 code [0x000000000511ff40, 0x0000000005120148]

GC Heap History (10 events):
Event: 11561.987 GC heap before
{Heap before GC invocations=13111 (full 75):
 par new generation   total 157248K, used 143018K [0x00000000e0000000, 0x00000000eaaa0000, 0x00000000eaaa0000)
  eden space 139776K,  98% used [0x00000000e0000000, 0x00000000e86f3480, 0x00000000e8880000)
  from space 17472K,  27% used [0x00000000e9990000, 0x00000000e9e47568, 0x00000000eaaa0000)
  to   space 17472K,   0% used [0x00000000e8880000, 0x00000000e8880000, 0x00000000e9990000)
 concurrent mark-sweep generation total 349568K, used 260139K [0x00000000eaaa0000, 0x0000000100000000, 0x0000000100000000)
 Metaspace       used 49526K, capacity 50325K, committed 50816K, reserved 1093632K
  class space    used 6941K, capacity 7189K, committed 7296K, reserved 1048576K
Event: 11561.989 GC heap after
Heap after GC invocations=13112 (full 75):
 par new generation   total 157248K, used 8976K [0x00000000e0000000, 0x00000000eaaa0000, 0x00000000eaaa0000)
  eden space 139776K,   0% used [0x00000000e0000000, 0x00000000e0000000, 0x00000000e8880000)
  from space 17472K,  51% used [0x00000000e8880000, 0x00000000e9144308, 0x00000000e9990000)
  to   space 17472K,   0% used [0x00000000e9990000, 0x00000000e9990000, 0x00000000eaaa0000)
 concurrent mark-sweep generation total 349568K, used 260141K [0x00000000eaaa0000, 0x0000000100000000, 0x0000000100000000)
 Metaspace       used 49526K, capacity 50325K, committed 50816K, reserved 1093632K
  class space    used 6941K, capacity 7189K, committed 7296K, reserved 1048576K
}
Event: 11563.485 GC heap before
{Heap before GC invocations=13112 (full 75):
 par new generation   total 157248K, used 146651K [0x00000000e0000000, 0x00000000eaaa0000, 0x00000000eaaa0000)
  eden space 139776K,  98% used [0x00000000e0000000, 0x00000000e8672b80, 0x00000000e8880000)
  from space 17472K,  51% used [0x00000000e8880000, 0x00000000e9144308, 0x00000000e9990000)
  to   space 17472K,   0% used [0x00000000e9990000, 0x00000000e9990000, 0x00000000eaaa0000)
 concurrent mark-sweep generation total 349568K, used 260141K [0x00000000eaaa0000, 0x0000000100000000, 0x0000000100000000)
 Metaspace       used 49527K, capacity 50325K, committed 50816K, reserved 1093632K
  class space    used 6941K, capacity 7189K, committed 7296K, reserved 1048576K
Event: 11563.488 GC heap after
Heap after GC invocations=13113 (full 75):
 par new generation   total 157248K, used 8685K [0x00000000e0000000, 0x00000000eaaa0000, 0x00000000eaaa0000)
  eden space 139776K,   0% used [0x00000000e0000000, 0x00000000e0000000, 0x00000000e8880000)
  from space 17472K,  49% used [0x00000000e9990000, 0x00000000ea20b720, 0x00000000eaaa0000)
  to   space 17472K,   0% used [0x00000000e8880000, 0x00000000e8880000, 0x00000000e9990000)
 concurrent mark-sweep generation total 349568K, used 260145K [0x00000000eaaa0000, 0x0000000100000000, 0x0000000100000000)
 Metaspace       used 49527K, capacity 50325K, committed 50816K, reserved 1093632K
  class space    used 6941K, capacity 7189K, committed 7296K, reserved 1048576K
}
Event: 11564.982 GC heap before
{Heap before GC invocations=13113 (full 75):
 par new generation   total 157248K, used 145555K [0x00000000e0000000, 0x00000000eaaa0000, 0x00000000eaaa0000)
  eden space 139776K,  97% used [0x00000000e0000000, 0x00000000e85a96d0, 0x00000000e8880000)
  from space 17472K,  49% used [0x00000000e9990000, 0x00000000ea20b720, 0x00000000eaaa0000)
  to   space 17472K,   0% used [0x00000000e8880000, 0x00000000e8880000, 0x00000000e9990000)
 concurrent mark-sweep generation total 349568K, used 260145K [0x00000000eaaa0000, 0x0000000100000000, 0x0000000100000000)
 Metaspace       used 49527K, capacity 50325K, committed 50816K, reserved 1093632K
  class space    used 6941K, capacity 7189K, committed 7296K, reserved 1048576K
Event: 11564.985 GC heap after
Heap after GC invocations=13114 (full 75):
 par new generation   total 157248K, used 9135K [0x00000000e0000000, 0x00000000eaaa0000, 0x00000000eaaa0000)
  eden space 139776K,   0% used [0x00000000e0000000, 0x00000000e0000000, 0x00000000e8880000)
  from space 17472K,  52% used [0x00000000e8880000, 0x00000000e916bc70, 0x00000000e9990000)
  to   space 17472K,   0% used [0x00000000e9990000, 0x00000000e9990000, 0x00000000eaaa0000)
 concurrent mark-sweep generation total 349568K, used 260148K [0x00000000eaaa0000, 0x0000000100000000, 0x0000000100000000)
 Metaspace       used 49527K, capacity 50325K, committed 50816K, reserved 1093632K
  class space    used 6941K, capacity 7189K, committed 7296K, reserved 1048576K
}
Event: 11566.480 GC heap before
{Heap before GC invocations=13114 (full 75):
 par new generation   total 157248K, used 147333K [0x00000000e0000000, 0x00000000eaaa0000, 0x00000000eaaa0000)
  eden space 139776K,  98% used [0x00000000e0000000, 0x00000000e86f5a08, 0x00000000e8880000)
  from space 17472K,  52% used [0x00000000e8880000, 0x00000000e916bc70, 0x00000000e9990000)
  to   space 17472K,   0% used [0x00000000e9990000, 0x00000000e9990000, 0x00000000eaaa0000)
 concurrent mark-sweep generation total 349568K, used 260148K [0x00000000eaaa0000, 0x0000000100000000, 0x0000000100000000)
 Metaspace       used 49528K, capacity 50325K, committed 50816K, reserved 1093632K
  class space    used 6941K, capacity 7189K, committed 7296K, reserved 1048576K
Event: 11566.483 GC heap after
Heap after GC invocations=13115 (full 75):
 par new generation   total 157248K, used 8738K [0x00000000e0000000, 0x00000000eaaa0000, 0x00000000eaaa0000)
  eden space 139776K,   0% used [0x00000000e0000000, 0x00000000e0000000, 0x00000000e8880000)
  from space 17472K,  50% used [0x00000000e9990000, 0x00000000ea2189d0, 0x00000000eaaa0000)
  to   space 17472K,   0% used [0x00000000e8880000, 0x00000000e8880000, 0x00000000e9990000)
 concurrent mark-sweep generation total 349568K, used 260203K [0x00000000eaaa0000, 0x0000000100000000, 0x0000000100000000)
 Metaspace       used 49528K, capacity 50325K, committed 50816K, reserved 1093632K
  class space    used 6941K, capacity 7189K, committed 7296K, reserved 1048576K
}
Event: 11567.997 GC heap before
{Heap before GC invocations=13115 (full 75):
 par new generation   total 157248K, used 145344K [0x00000000e0000000, 0x00000000eaaa0000, 0x00000000eaaa0000)
  eden space 139776K,  97% used [0x00000000e0000000, 0x00000000e8567888, 0x00000000e8880000)
  from space 17472K,  50% used [0x00000000e9990000, 0x00000000ea2189d0, 0x00000000eaaa0000)
  to   space 17472K,   0% used [0x00000000e8880000, 0x00000000e8880000, 0x00000000e9990000)
 concurrent mark-sweep generation total 349568K, used 260203K [0x00000000eaaa0000, 0x0000000100000000, 0x0000000100000000)
 Metaspace       used 49528K, capacity 50325K, committed 50816K, reserved 1093632K
  class space    used 6941K, capacity 7189K, committed 7296K, reserved 1048576K
Event: 11567.999 GC heap after
Heap after GC invocations=13116 (full 75):
 par new generation   total 157248K, used 5133K [0x00000000e0000000, 0x00000000eaaa0000, 0x00000000eaaa0000)
  eden space 139776K,   0% used [0x00000000e0000000, 0x00000000e0000000, 0x00000000e8880000)
  from space 17472K,  29% used [0x00000000e8880000, 0x00000000e8d83480, 0x00000000e9990000)
  to   space 17472K,   0% used [0x00000000e9990000, 0x00000000e9990000, 0x00000000eaaa0000)
 concurrent mark-sweep generation total 349568K, used 260247K [0x00000000eaaa0000, 0x0000000100000000, 0x0000000100000000)
 Metaspace       used 49528K, capacity 50325K, committed 50816K, reserved 1093632K
  class space    used 6941K, capacity 7189K, committed 7296K, reserved 1048576K
}

Deoptimization events (10 events):
Event: 10577.834 Thread 0x00000000175e6800 Uncommon trap: reason=class_check action=maybe_recompile pc=0x000000000433627c method=javax.swing.plaf.basic.BasicTextUI$UpdateHandler.insertUpdate(Ljavax/swing/event/DocumentEvent;)V @ 10
Event: 10577.834 Thread 0x00000000175e6800 Uncommon trap: reason=class_check action=maybe_recompile pc=0x0000000005b8c8e8 method=javax.swing.text.DefaultCaret$Handler.insertUpdate(Ljavax/swing/event/DocumentEvent;)V @ 280
Event: 10577.834 Thread 0x00000000175e6800 Uncommon trap: reason=class_check action=maybe_recompile pc=0x000000000433627c method=javax.swing.plaf.basic.BasicTextUI$UpdateHandler.insertUpdate(Ljavax/swing/event/DocumentEvent;)V @ 10
Event: 10577.834 Thread 0x00000000175e6800 Uncommon trap: reason=class_check action=maybe_recompile pc=0x0000000005b8c8e8 method=javax.swing.text.DefaultCaret$Handler.insertUpdate(Ljavax/swing/event/DocumentEvent;)V @ 280
Event: 10725.435 Thread 0x00000000187be000 Uncommon trap: reason=null_check action=make_not_entrant pc=0x0000000005a39d04 method=wh.e(Ldq;III)V @ 2348
Event: 11534.056 Thread 0x00000000175e6800 Uncommon trap: reason=class_check action=maybe_recompile pc=0x00000000033ef688 method=sun.java2d.SunGraphics2D.setPaint(Ljava/awt/Paint;)V @ 1
Event: 11540.591 Thread 0x00000000177a0800 Uncommon trap: reason=unloaded action=reinterpret pc=0x00000000057e8324 method=java.net.SocketInputStream.read([BIII)I @ 273
Event: 11562.145 Thread 0x00000000187be000 Uncommon trap: reason=unreached action=reinterpret pc=0x000000000479e124 method=adt.ti()V @ 7
Event: 11568.167 Thread 0x00000000187be000 Uncommon trap: reason=unreached action=reinterpret pc=0x0000000004f1a11c method=adt.cm()V @ 4
Event: 11568.173 Thread 0x00000000187be000 Uncommon trap: reason=unreached action=reinterpret pc=0x0000000003dbba40 method=adt.cm()V @ 4

Internal exceptions (10 events):
Event: 11413.952 Thread 0x00000000187be000 Implicit null exception at 0x0000000006070c76 to 0x000000000607120c
Event: 11413.952 Thread 0x00000000187be000 Exception <a 'java/lang/NullPointerException'> (0x00000000e7a1eeb0) thrown at [D:\re\workspace\8-2-build-windows-amd64-cygwin\jdk8u5\2488\hotspot\src\share\vm\runtime\sharedRuntime.cpp, line 595]
Event: 11426.623 Thread 0x00000000187be000 Implicit null exception at 0x0000000006070c76 to 0x000000000607120c
Event: 11426.623 Thread 0x00000000187be000 Exception <a 'java/lang/NullPointerException'> (0x00000000e28a1690) thrown at [D:\re\workspace\8-2-build-windows-amd64-cygwin\jdk8u5\2488\hotspot\src\share\vm\runtime\sharedRuntime.cpp, line 595]
Event: 11461.027 Thread 0x00000000187be000 Implicit null exception at 0x0000000006070c76 to 0x000000000607120c
Event: 11461.027 Thread 0x00000000187be000 Exception <a 'java/lang/NullPointerException'> (0x00000000e2610700) thrown at [D:\re\workspace\8-2-build-windows-amd64-cygwin\jdk8u5\2488\hotspot\src\share\vm\runtime\sharedRuntime.cpp, line 595]
Event: 11484.687 Thread 0x00000000187be000 Implicit null exception at 0x0000000006070c76 to 0x000000000607120c
Event: 11484.687 Thread 0x00000000187be000 Exception <a 'java/lang/NullPointerException'> (0x00000000e0cb3220) thrown at [D:\re\workspace\8-2-build-windows-amd64-cygwin\jdk8u5\2488\hotspot\src\share\vm\runtime\sharedRuntime.cpp, line 595]
Event: 11540.591 Thread 0x00000000177a0800 Exception <a 'sun/net/ConnectionResetException': > (0x00000000e1720050) thrown at [D:\re\workspace\8-2-build-windows-amd64-cygwin\jdk8u5\2488\hotspot\src\share\vm\prims\jni.cpp, line 742]
Event: 11540.591 Thread 0x00000000177a0800 Exception <a 'sun/net/ConnectionResetException': > (0x00000000e1720228) thrown at [D:\re\workspace\8-2-build-windows-amd64-cygwin\jdk8u5\2488\hotspot\src\share\vm\prims\jni.cpp, line 742]

Events (10 events):
Event: 11566.480 Executing VM operation: GenCollectForAllocation
Event: 11566.483 Executing VM operation: GenCollectForAllocation done
Event: 11567.978 Executing VM operation: GenCollectForAllocation
Event: 11567.999 Executing VM operation: GenCollectForAllocation done
Event: 11568.167 Thread 0x00000000187be000 Uncommon trap: trap_request=0xffffffad fr.pc=0x0000000004f1a11c
Event: 11568.167 Thread 0x00000000187be000 DEOPT PACKING pc=0x0000000004f1a11c sp=0x000000001e05f510
Event: 11568.167 Thread 0x00000000187be000 DEOPT UNPACKING pc=0x0000000002e955af sp=0x000000001e05f490 mode 2
Event: 11568.173 Thread 0x00000000187be000 Uncommon trap: trap_request=0xffffffad fr.pc=0x0000000003dbba40
Event: 11568.173 Thread 0x00000000187be000 DEOPT PACKING pc=0x0000000003dbba40 sp=0x000000001e05f4d0
Event: 11568.241 Thread 0x00000000187be000 DEOPT UNPACKING pc=0x0000000002e955af sp=0x000000001e05f478 mode 2


Dynamic libraries:
0x00007ff713640000 - 0x00007ff713674000 	C:\Program Files\Java\jre8\bin\java.exe
0x00007ff992740000 - 0x00007ff9928e6000 	C:\WINDOWS\SYSTEM32\ntdll.dll
0x00007ff991bd0000 - 0x00007ff991d0a000 	C:\WINDOWS\system32\KERNEL32.DLL
0x00007ff98fcd0000 - 0x00007ff98fddf000 	C:\WINDOWS\system32\KERNELBASE.dll
0x00007ff98e6d0000 - 0x00007ff98e758000 	C:\WINDOWS\system32\apphelp.dll
0x00007ff983740000 - 0x00007ff98378f000 	C:\WINDOWS\AppPatch\AppPatch64\AcGenral.DLL
0x00007ff990330000 - 0x00007ff9903d7000 	C:\WINDOWS\system32\msvcrt.dll
0x00007ff98f8f0000 - 0x00007ff98f91b000 	C:\WINDOWS\SYSTEM32\SspiCli.dll
0x00007ff992160000 - 0x00007ff9921b1000 	C:\WINDOWS\system32\SHLWAPI.dll
0x00007ff98ffd0000 - 0x00007ff990141000 	C:\WINDOWS\system32\USER32.dll
0x00007ff992210000 - 0x00007ff992388000 	C:\WINDOWS\system32\ole32.dll
0x00007ff9907c0000 - 0x00007ff991bcf000 	C:\WINDOWS\system32\SHELL32.dll
0x00007ff98f0b0000 - 0x00007ff98f0ce000 	C:\WINDOWS\SYSTEM32\USERENV.dll
0x00007ff990440000 - 0x00007ff9904e5000 	C:\WINDOWS\system32\ADVAPI32.dll
0x00007ff988000000 - 0x00007ff98801b000 	C:\WINDOWS\SYSTEM32\MPR.dll
0x00007ff990570000 - 0x00007ff9906a7000 	C:\WINDOWS\system32\RPCRT4.dll
0x00007ff990760000 - 0x00007ff9907b7000 	C:\WINDOWS\SYSTEM32\sechost.dll
0x00007ff990150000 - 0x00007ff990326000 	C:\WINDOWS\SYSTEM32\combase.dll
0x00007ff991ff0000 - 0x00007ff992134000 	C:\WINDOWS\system32\GDI32.dll
0x00007ff98fab0000 - 0x00007ff98fac4000 	C:\WINDOWS\SYSTEM32\profapi.dll
0x00007ff98c2d0000 - 0x00007ff98c36f000 	C:\WINDOWS\SYSTEM32\SHCORE.dll
0x00007ff9921c0000 - 0x00007ff9921f4000 	C:\WINDOWS\system32\IMM32.DLL
0x00007ff991eb0000 - 0x00007ff991fe9000 	C:\WINDOWS\system32\MSCTF.dll
0x00007ff98bbb0000 - 0x00007ff98be0a000 	C:\WINDOWS\WinSxS\amd64_microsoft.windows.common-controls_6595b64144ccf1df_6.0.9600.17031_none_6242a4b3ecbb55a1\COMCTL32.dll
0x00000000734f0000 - 0x00000000735c2000 	C:\Program Files\Java\jre8\bin\msvcr100.dll
0x0000000072cc0000 - 0x00000000734ea000 	C:\Program Files\Java\jre8\bin\server\jvm.dll
0x00007ff987ff0000 - 0x00007ff987ff9000 	C:\WINDOWS\SYSTEM32\WSOCK32.dll
0x00007ff9841e0000 - 0x00007ff9841ff000 	C:\WINDOWS\SYSTEM32\WINMM.dll
0x00007ff992140000 - 0x00007ff992147000 	C:\WINDOWS\system32\PSAPI.DLL
0x00007ff990510000 - 0x00007ff990568000 	C:\WINDOWS\system32\WS2_32.dll
0x00007ff9841b0000 - 0x00007ff9841da000 	C:\WINDOWS\SYSTEM32\WINMMBASE.dll
0x00007ff98ffc0000 - 0x00007ff98ffc9000 	C:\WINDOWS\system32\NSI.dll
0x00007ff98fb80000 - 0x00007ff98fbca000 	C:\WINDOWS\SYSTEM32\cfgmgr32.dll
0x00007ff98e960000 - 0x00007ff98e986000 	C:\WINDOWS\SYSTEM32\DEVOBJ.dll
0x0000000072cb0000 - 0x0000000072cbf000 	C:\Program Files\Java\jre8\bin\verify.dll
0x0000000072c80000 - 0x0000000072ca8000 	C:\Program Files\Java\jre8\bin\java.dll
0x0000000072c60000 - 0x0000000072c76000 	C:\Program Files\Java\jre8\bin\zip.dll
0x0000000072be0000 - 0x0000000072bed000 	C:\Program Files\Java\jre8\bin\management.dll
0x0000000072c40000 - 0x0000000072c5a000 	C:\Program Files\Java\jre8\bin\net.dll
0x00007ff98f300000 - 0x00007ff98f358000 	C:\WINDOWS\system32\mswsock.dll
0x0000000072c20000 - 0x0000000072c31000 	C:\Program Files\Java\jre8\bin\nio.dll
0x00007ff98a1a0000 - 0x00007ff98a1c9000 	C:\WINDOWS\SYSTEM32\IPHLPAPI.DLL
0x00007ff989d70000 - 0x00007ff989d7a000 	C:\WINDOWS\SYSTEM32\WINNSI.DLL
0x00007ff989810000 - 0x00007ff989824000 	C:\WINDOWS\SYSTEM32\dhcpcsvc6.DLL
0x00007ff989900000 - 0x00007ff989919000 	C:\WINDOWS\SYSTEM32\dhcpcsvc.DLL
0x0000000072850000 - 0x00000000729e6000 	C:\Program Files\Java\jre8\bin\awt.dll
0x00007ff992390000 - 0x00007ff992451000 	C:\WINDOWS\system32\OLEAUT32.dll
0x00007ff98e820000 - 0x00007ff98e941000 	C:\WINDOWS\system32\uxtheme.dll
0x00007ff98d7f0000 - 0x00007ff98d810000 	C:\WINDOWS\system32\dwmapi.dll
0x00007ff98e950000 - 0x00007ff98e95a000 	C:\WINDOWS\SYSTEM32\kernel.appcore.dll
0x00007ff98f980000 - 0x00007ff98f98a000 	C:\WINDOWS\SYSTEM32\CRYPTBASE.dll
0x00007ff98f920000 - 0x00007ff98f980000 	C:\WINDOWS\SYSTEM32\bcryptPrimitives.dll
0x0000000072b90000 - 0x0000000072bd7000 	C:\Program Files\Java\jre8\bin\fontmanager.dll
0x00007ff98f110000 - 0x00007ff98f1b3000 	C:\WINDOWS\SYSTEM32\DNSAPI.dll
0x00007ff986da0000 - 0x00007ff986da9000 	C:\Windows\System32\rasadhlp.dll
0x00007ff989a20000 - 0x00007ff989a88000 	C:\WINDOWS\System32\fwpuclnt.dll
0x0000000072bf0000 - 0x0000000072c14000 	C:\Program Files\Java\jre8\bin\sunec.dll
0x00007ff983600000 - 0x00007ff983614000 	C:\WINDOWS\system32\napinsp.dll
0x00007ff983790000 - 0x00007ff9837a9000 	C:\WINDOWS\system32\pnrpnsp.dll
0x00007ff98d7a0000 - 0x00007ff98d7b9000 	C:\WINDOWS\system32\NLAapi.dll
0x00007ff983bc0000 - 0x00007ff983bcc000 	C:\WINDOWS\System32\winrnr.dll
0x00007ff9837b0000 - 0x00007ff9837c3000 	C:\WINDOWS\system32\wshbth.dll
0x0000000072b60000 - 0x0000000072b8a000 	C:\Program Files\Java\jre8\bin\dcpr.dll
0x0000000072b10000 - 0x0000000072b51000 	C:\Program Files\Java\jre8\bin\t2k.dll
0x00007ff98f360000 - 0x00007ff98f37e000 	C:\WINDOWS\SYSTEM32\CRYPTSP.dll
0x00007ff98efa0000 - 0x00007ff98efd5000 	C:\WINDOWS\system32\rsaenh.dll
0x00007ff98f5f0000 - 0x00007ff98f616000 	C:\WINDOWS\SYSTEM32\bcrypt.dll
0x0000000072af0000 - 0x0000000072b07000 	C:\Program Files\Java\jre8\bin\unpack.dll
0x0000000072820000 - 0x0000000072850000 	C:\Program Files\Java\jre8\bin\jpeg.dll
0x0000000072ae0000 - 0x0000000072aec000 	C:\Program Files\Java\jre8\bin\jsound.dll
0x0000000072ad0000 - 0x0000000072adb000 	C:\Program Files\Java\jre8\bin\jsoundds.dll
0x00007ff97aaa0000 - 0x00007ff97ab27000 	C:\WINDOWS\SYSTEM32\DSOUND.dll
0x00007ff98fa50000 - 0x00007ff98fa95000 	C:\WINDOWS\SYSTEM32\POWRPROF.dll
0x00007ff98ae10000 - 0x00007ff98ae72000 	C:\WINDOWS\SYSTEM32\MMDevAPI.DLL
0x00007ff979400000 - 0x00007ff97943c000 	C:\WINDOWS\SYSTEM32\wdmaud.drv
0x00007ff98a0d0000 - 0x00007ff98a0d8000 	C:\WINDOWS\SYSTEM32\ksuser.dll
0x00007ff98e250000 - 0x00007ff98e25b000 	C:\WINDOWS\SYSTEM32\AVRT.dll
0x00007ff989f70000 - 0x00007ff989fee000 	C:\WINDOWS\SYSTEM32\AUDIOSES.DLL
0x00007ff981d00000 - 0x00007ff981d0b000 	C:\WINDOWS\SYSTEM32\msacm32.drv
0x00007ff9793e0000 - 0x00007ff9793fb000 	C:\WINDOWS\SYSTEM32\MSACM32.dll
0x00007ff981310000 - 0x00007ff98131a000 	C:\WINDOWS\SYSTEM32\midimap.dll
0x00007ff9906b0000 - 0x00007ff990754000 	C:\WINDOWS\SYSTEM32\clbcatq.dll
0x00007ff9850a0000 - 0x00007ff9850ca000 	C:\Users\alexa_000\jagexcache\runescape\LIVE\jaclib.dll
0x0000000072810000 - 0x0000000072817000 	C:\Program Files\Java\jre8\bin\jawt.dll
0x00007ff989350000 - 0x00007ff98935d000 	C:\WINDOWS\system32\winbrand.dll
0x00007ff984c10000 - 0x00007ff984c2a000 	C:\Users\alexa_000\jagexcache\runescape\LIVE\jagdx.dll
0x00007ff981ff0000 - 0x00007ff9821f8000 	C:\WINDOWS\SYSTEM32\d3d9.dll
0x00007ff98d950000 - 0x00007ff98d95a000 	C:\WINDOWS\SYSTEM32\VERSION.dll
0x00007ff98d9c0000 - 0x00007ff98db04000 	C:\WINDOWS\SYSTEM32\aticfx64.dll
0x00007ff984bf0000 - 0x00007ff984c10000 	C:\WINDOWS\SYSTEM32\atiu9p64.dll
0x00007ff971cf0000 - 0x00007ff972f7b000 	C:\WINDOWS\SYSTEM32\igdumdim64.dll
0x00007ff98a760000 - 0x00007ff98abab000 	C:\WINDOWS\SYSTEM32\igdusc64.dll
0x00007ff984480000 - 0x00007ff984be1000 	C:\WINDOWS\SYSTEM32\atiumd64.dll
0x0000000071ee0000 - 0x000000007276d000 	C:\WINDOWS\SYSTEM32\atiumd6a.dll
0x00007ff98dda0000 - 0x00007ff98df33000 	C:\WINDOWS\SYSTEM32\WindowsCodecs.dll
0x00007ff98fbd0000 - 0x00007ff98fc71000 	C:\WINDOWS\WinSxS\amd64_microsoft.windows.common-controls_6595b64144ccf1df_5.82.9600.16384_none_34a8918f959016ea\comctl32.dll
0x00007ff9924c0000 - 0x00007ff992694000 	C:\WINDOWS\system32\SETUPAPI.dll
0x00007ff98abb0000 - 0x00007ff98ad1f000 	C:\WINDOWS\system32\propsys.dll
0x00007ff985160000 - 0x00007ff9852fc000 	C:\WINDOWS\system32\NetworkExplorer.dll
0x00007ff981420000 - 0x00007ff98144b000 	C:\Windows\System32\thumbcache.dll
0x00007ff985c00000 - 0x00007ff985c24000 	C:\WINDOWS\System32\IDStore.dll
0x00007ff989d50000 - 0x00007ff989d6e000 	C:\WINDOWS\System32\SAMLIB.dll
0x00007ff97f5c0000 - 0x00007ff97f644000 	C:\WINDOWS\System32\wlidprov.dll
0x00007ff98a010000 - 0x00007ff98a01b000 	C:\WINDOWS\System32\drprov.dll
0x00007ff98f520000 - 0x00007ff98f577000 	C:\WINDOWS\System32\WINSTA.dll
0x00007ff9891c0000 - 0x00007ff9891d5000 	C:\WINDOWS\System32\ntlanman.dll
0x00007ff984d40000 - 0x00007ff984d5e000 	C:\WINDOWS\System32\davclnt.dll
0x00007ff98a000000 - 0x00007ff98a00b000 	C:\WINDOWS\System32\DAVHLPR.dll
0x00007ff98c060000 - 0x00007ff98c076000 	C:\WINDOWS\System32\wkscli.dll
0x00007ff982a60000 - 0x00007ff982a70000 	C:\WINDOWS\SYSTEM32\cscapi.dll
0x00007ff98ed50000 - 0x00007ff98ed5c000 	C:\WINDOWS\System32\netutils.dll
0x00007ff981df0000 - 0x00007ff981e65000 	C:\Windows\System32\dlnashext.dll
0x00007ff981d80000 - 0x00007ff981d9c000 	C:\Windows\System32\DevDispItemProvider.dll
0x00007ff976960000 - 0x00007ff976b4f000 	C:\WINDOWS\system32\wpdshext.dll
0x00007ff97eda0000 - 0x00007ff97ef38000 	C:\WINDOWS\WinSxS\amd64_microsoft.windows.gdiplus_6595b64144ccf1df_1.1.9600.17227_none_932c0e57474f5080\gdiplus.dll
0x00007ff983a90000 - 0x00007ff983b36000 	C:\Windows\System32\PortableDeviceApi.dll
0x00007ff98fc80000 - 0x00007ff98fccc000 	C:\WINDOWS\system32\WINTRUST.dll
0x00007ff98fde0000 - 0x00007ff98ffb7000 	C:\WINDOWS\system32\CRYPT32.dll
0x00007ff98fb60000 - 0x00007ff98fb72000 	C:\WINDOWS\system32\MSASN1.dll
0x00007ff981320000 - 0x00007ff981356000 	C:\Windows\System32\EhStorShell.dll
0x00007ff984cc0000 - 0x00007ff984ce5000 	C:\Windows\System32\EhStorAPI.dll
0x00007ff98e6b0000 - 0x00007ff98e6c1000 	C:\Windows\System32\WTSAPI32.dll
0x00007ff981840000 - 0x00007ff98184c000 	C:\WINDOWS\SYSTEM32\LINKINFO.dll
0x00007ff987b80000 - 0x00007ff987b97000 	C:\WINDOWS\SYSTEM32\samcli.dll
0x00007ff980df0000 - 0x00007ff980f78000 	C:\WINDOWS\SYSTEM32\dbghelp.dll

VM Arguments:
jvm_args: -Xmx512m -Xss2m -XX:+UseConcMarkSweepGC -Dsun.java2d.noddraw=true 
java_command: org.powerbot.Boot -restarted
java_class_path (initial): /C:/Users/alexa_000/rsbot_scrits/libs/jars/RSBot-6048.jar
Launcher Type: SUN_STANDARD

Environment Variables:
PATH=C:\Program Files (x86)\NVIDIA Corporation\PhysX\Common;C:\Program Files (x86)\Intel\iCLS Client\;C:\Program Files\Intel\iCLS Client\;C:\WINDOWS\system32;C:\WINDOWS;C:\WINDOWS\System32\Wbem;C:\WINDOWS\System32\WindowsPowerShell\v1.0\;C:\Program Files\Intel\Intel(R) Management Engine Components\DAL;C:\Program Files\Intel\Intel(R) Management Engine Components\IPT;C:\Program Files (x86)\Intel\Intel(R) Management Engine Components\DAL;C:\Program Files (x86)\Intel\Intel(R) Management Engine Components\IPT;C:\Program Files (x86)\Intel\OpenCL SDK\2.0\bin\x86;C:\Program Files (x86)\Intel\OpenCL SDK\2.0\bin\x64;C:\Program Files (x86)\Windows Live\Shared;C:\Program Files (x86)\ChucK\/bin;C:\Program Files\Microsoft SQL Server\110\Tools\Binn\
USERNAME=alexa_000
OS=Windows_NT
PROCESSOR_IDENTIFIER=Intel64 Family 6 Model 58 Stepping 9, GenuineIntel



---------------  S Y S T E M  ---------------

OS: Windows 8.1 , 64 bit Build 9600 

CPU:total 4 (2 cores per cpu, 2 threads per core) family 6 model 58 stepping 9, cmov, cx8, fxsr, mmx, sse, sse2, sse3, ssse3, sse4.1, sse4.2, popcnt, avx, aes, clmul, erms, ht, tsc, tscinvbit

Memory: 4k page, physical 8271372k(3379096k free), swap 13514256k(5883204k free)

vm_info: Java HotSpot(TM) 64-Bit Server VM (25.5-b02) for windows-amd64 JRE (1.8.0_05-b13), built on Mar 18 2014 01:08:39 by "java_re" with MS VC++ 10.0 (VS2010)

time: Wed Nov 19 20:01:17 2014
elapsed time: 11569 seconds

